2024-11-27 07:17:35,345 INFO o.a.j.u.JMeterUtils: Setting Locale to en_EN
2024-11-27 07:17:35,359 INFO o.a.j.JMeter: Loading user properties from: /jmeter/apache-jmeter-5.0/bin/user.properties
2024-11-27 07:17:35,359 INFO o.a.j.JMeter: Loading system properties from: /jmeter/apache-jmeter-5.0/bin/system.properties
2024-11-27 07:17:35,363 INFO o.a.j.JMeter: Copyright (c) 1998-2018 The Apache Software Foundation
2024-11-27 07:17:35,363 INFO o.a.j.JMeter: Version 5.0 r1840935
2024-11-27 07:17:35,363 INFO o.a.j.JMeter: java.version=1.8.0_181
2024-11-27 07:17:35,363 INFO o.a.j.JMeter: java.vm.name=OpenJDK 64-Bit Server VM
2024-11-27 07:17:35,363 INFO o.a.j.JMeter: os.name=Linux
2024-11-27 07:17:35,363 INFO o.a.j.JMeter: os.arch=amd64
2024-11-27 07:17:35,364 INFO o.a.j.JMeter: os.version=6.8.0-1016-aws
2024-11-27 07:17:35,364 INFO o.a.j.JMeter: file.encoding=UTF-8
2024-11-27 07:17:35,364 INFO o.a.j.JMeter: Max memory     =1073741824
2024-11-27 07:17:35,364 INFO o.a.j.JMeter: Available Processors =4
2024-11-27 07:17:35,366 INFO o.a.j.JMeter: Default Locale=English (EN)
2024-11-27 07:17:35,367 INFO o.a.j.JMeter: JMeter  Locale=English (EN)
2024-11-27 07:17:35,367 INFO o.a.j.JMeter: JMeterHome=/jmeter/apache-jmeter-5.0
2024-11-27 07:17:35,367 INFO o.a.j.JMeter: user.dir  =/jmeter/apache-jmeter-5.0
2024-11-27 07:17:35,367 INFO o.a.j.JMeter: PWD       =/jmeter/apache-jmeter-5.0
2024-11-27 07:17:35,367 INFO o.a.j.JMeter: IP: 172.17.0.2 Name: d02e14e6fa42 FullName: d02e14e6fa42
2024-11-27 07:17:35,370 INFO o.a.j.s.FileServer: Default base='/jmeter/apache-jmeter-5.0'
2024-11-27 07:17:35,373 INFO o.a.j.s.FileServer: Set new base='/jmeter/output'
2024-11-27 07:17:35,468 INFO o.a.j.s.SaveService: Testplan (JMX) version: 2.2. Testlog (JTL) version: 2.2
2024-11-27 07:17:35,477 INFO o.a.j.s.SaveService: Using SaveService properties file encoding UTF-8
2024-11-27 07:17:35,480 INFO o.a.j.s.SaveService: Using SaveService properties version 5.0
2024-11-27 07:17:35,484 INFO o.a.j.s.SaveService: Loading file: /jmeter/output/target.jmx
2024-11-27 07:17:35,514 INFO o.a.j.p.h.s.HTTPSamplerBase: Parser for text/html is org.apache.jmeter.protocol.http.parser.LagartoBasedHtmlParser
2024-11-27 07:17:35,514 INFO o.a.j.p.h.s.HTTPSamplerBase: Parser for application/xhtml+xml is org.apache.jmeter.protocol.http.parser.LagartoBasedHtmlParser
2024-11-27 07:17:35,514 INFO o.a.j.p.h.s.HTTPSamplerBase: Parser for application/xml is org.apache.jmeter.protocol.http.parser.LagartoBasedHtmlParser
2024-11-27 07:17:35,514 INFO o.a.j.p.h.s.HTTPSamplerBase: Parser for text/xml is org.apache.jmeter.protocol.http.parser.LagartoBasedHtmlParser
2024-11-27 07:17:35,514 INFO o.a.j.p.h.s.HTTPSamplerBase: Parser for text/vnd.wap.wml is org.apache.jmeter.protocol.http.parser.RegexpHTMLParser
2024-11-27 07:17:35,514 INFO o.a.j.p.h.s.HTTPSamplerBase: Parser for text/css is org.apache.jmeter.protocol.http.parser.CssParser
2024-11-27 07:17:35,562 INFO o.a.j.JMeter: Creating summariser <summary>
2024-11-27 07:17:35,569 INFO o.a.j.e.StandardJMeterEngine: Running the test!
2024-11-27 07:17:35,569 INFO o.a.j.s.SampleEvent: List of sample_variables: []
2024-11-27 07:17:35,569 INFO o.a.j.s.SampleEvent: List of sample_variables: []
2024-11-27 07:17:35,574 INFO o.a.j.e.u.CompoundVariable: Note: Function class names must contain the string: '.functions.'
2024-11-27 07:17:35,574 INFO o.a.j.e.u.CompoundVariable: Note: Function class names must not contain the string: '.gui.'
2024-11-27 07:17:35,839 INFO o.a.j.JMeter: Running test (1732691855839)
2024-11-27 07:17:35,863 INFO o.a.j.e.StandardJMeterEngine: Starting ThreadGroup: 1 : Predict API 
2024-11-27 07:17:35,863 INFO o.a.j.e.StandardJMeterEngine: Starting 200 threads for group Predict API .
2024-11-27 07:17:35,863 INFO o.a.j.e.StandardJMeterEngine: Thread will continue on error
2024-11-27 07:17:35,863 INFO o.a.j.t.ThreadGroup: Starting thread group... number=1 threads=200 ramp-up=1 perThread=5.0 delayedStart=false
2024-11-27 07:17:35,901 INFO o.a.j.t.JMeterThread: Thread started: Predict API  1-1
2024-11-27 07:17:35,904 INFO o.a.j.s.FileServer: Stored: /jmeter/output/keywords.txt
2024-11-27 07:17:35,906 INFO o.a.j.t.JMeterThread: Thread started: Predict API  1-2
2024-11-27 07:17:35,912 INFO o.a.j.t.JMeterThread: Thread started: Predict API  1-3
2024-11-27 07:17:35,916 INFO o.a.j.t.JMeterThread: Thread started: Predict API  1-4
2024-11-27 07:17:35,921 INFO o.a.j.t.JMeterThread: Thread started: Predict API  1-5
2024-11-27 07:17:35,924 INFO o.a.j.p.h.s.HTTPHCAbstractImpl: Local host = d02e14e6fa42
2024-11-27 07:17:35,929 INFO o.a.j.t.JMeterThread: Thread started: Predict API  1-6
2024-11-27 07:17:35,932 INFO o.a.j.p.h.s.HTTPHC4Impl: HTTP request retry count = 0
2024-11-27 07:17:35,934 INFO o.a.j.s.SampleResult: Note: Sample TimeStamps are START times
2024-11-27 07:17:35,934 INFO o.a.j.s.SampleResult: sampleresult.default.encoding is set to ISO-8859-1
2024-11-27 07:17:35,934 INFO o.a.j.s.SampleResult: sampleresult.useNanoTime=true
2024-11-27 07:17:35,934 INFO o.a.j.s.SampleResult: sampleresult.nanoThreadSleep=5000
2024-11-27 07:17:35,941 INFO o.a.j.t.JMeterThread: Thread started: Predict API  1-7
2024-11-27 07:17:35,959 INFO o.a.j.t.JMeterThread: Thread started: Predict API  1-8
2024-11-27 07:17:35,972 INFO o.a.j.t.JMeterThread: Thread started: Predict API  1-9
2024-11-27 07:17:35,991 INFO o.a.j.t.JMeterThread: Thread started: Predict API  1-10
2024-11-27 07:17:36,002 INFO o.a.j.t.JMeterThread: Thread started: Predict API  1-11
2024-11-27 07:17:36,014 INFO o.a.j.t.JMeterThread: Thread started: Predict API  1-12
2024-11-27 07:17:36,026 INFO o.a.j.t.JMeterThread: Thread started: Predict API  1-13
2024-11-27 07:17:36,039 INFO o.a.j.t.JMeterThread: Thread started: Predict API  1-14
2024-11-27 07:17:36,054 INFO o.a.j.t.JMeterThread: Thread started: Predict API  1-15
2024-11-27 07:17:36,068 INFO o.a.j.t.JMeterThread: Thread started: Predict API  1-16
2024-11-27 07:17:36,078 INFO o.a.j.t.JMeterThread: Thread started: Predict API  1-17
2024-11-27 07:17:36,087 INFO o.a.j.t.JMeterThread: Thread started: Predict API  1-18
2024-11-27 07:17:36,098 INFO o.a.j.t.JMeterThread: Thread started: Predict API  1-19
2024-11-27 07:17:36,125 INFO o.a.j.t.JMeterThread: Thread started: Predict API  1-20
2024-11-27 07:17:36,144 INFO o.a.j.t.JMeterThread: Thread started: Predict API  1-21
2024-11-27 07:17:36,160 INFO o.a.j.t.JMeterThread: Thread started: Predict API  1-22
2024-11-27 07:17:36,170 INFO o.a.j.t.JMeterThread: Thread started: Predict API  1-23
2024-11-27 07:17:36,188 INFO o.a.j.t.JMeterThread: Thread started: Predict API  1-24
2024-11-27 07:17:36,194 INFO o.a.j.t.JMeterThread: Thread started: Predict API  1-25
2024-11-27 07:17:36,204 INFO o.a.j.t.JMeterThread: Thread started: Predict API  1-26
2024-11-27 07:17:36,212 INFO o.a.j.t.JMeterThread: Thread started: Predict API  1-27
2024-11-27 07:17:36,222 INFO o.a.j.t.JMeterThread: Thread started: Predict API  1-28
2024-11-27 07:17:36,232 INFO o.a.j.t.JMeterThread: Thread started: Predict API  1-29
2024-11-27 07:17:36,242 INFO o.a.j.t.JMeterThread: Thread started: Predict API  1-30
2024-11-27 07:17:36,251 INFO o.a.j.t.JMeterThread: Thread started: Predict API  1-31
2024-11-27 07:17:36,265 INFO o.a.j.t.JMeterThread: Thread started: Predict API  1-32
2024-11-27 07:17:36,292 INFO o.a.j.t.JMeterThread: Thread started: Predict API  1-33
2024-11-27 07:17:36,302 INFO o.a.j.u.JsseSSLManager: Using default SSL protocol: TLS
2024-11-27 07:17:36,303 INFO o.a.j.u.JsseSSLManager: SSL session context: per-thread
2024-11-27 07:17:36,345 INFO o.a.j.t.JMeterThread: Thread started: Predict API  1-34
2024-11-27 07:17:36,375 INFO o.a.j.t.JMeterThread: Thread started: Predict API  1-35
2024-11-27 07:17:36,460 INFO o.a.j.t.JMeterThread: Thread started: Predict API  1-36
2024-11-27 07:17:36,508 INFO o.a.j.t.JMeterThread: Thread started: Predict API  1-37
2024-11-27 07:17:36,520 INFO o.a.j.t.JMeterThread: Thread started: Predict API  1-38
2024-11-27 07:17:36,530 INFO o.a.j.t.JMeterThread: Thread started: Predict API  1-39
2024-11-27 07:17:36,547 INFO o.a.j.t.JMeterThread: Thread started: Predict API  1-40
2024-11-27 07:17:36,559 INFO o.a.j.t.JMeterThread: Thread started: Predict API  1-41
2024-11-27 07:17:36,566 INFO o.a.j.t.JMeterThread: Thread started: Predict API  1-42
2024-11-27 07:17:36,575 INFO o.a.j.t.JMeterThread: Thread started: Predict API  1-43
2024-11-27 07:17:36,585 INFO o.a.j.t.JMeterThread: Thread started: Predict API  1-44
2024-11-27 07:17:36,596 INFO o.a.j.t.JMeterThread: Thread started: Predict API  1-45
2024-11-27 07:17:36,607 INFO o.a.j.t.JMeterThread: Thread started: Predict API  1-46
2024-11-27 07:17:36,616 INFO o.a.j.t.JMeterThread: Thread started: Predict API  1-47
2024-11-27 07:17:36,628 INFO o.a.j.t.JMeterThread: Thread started: Predict API  1-48
2024-11-27 07:17:36,635 INFO o.a.j.t.JMeterThread: Thread started: Predict API  1-49
2024-11-27 07:17:36,645 INFO o.a.j.t.JMeterThread: Thread started: Predict API  1-50
2024-11-27 07:17:36,654 INFO o.a.j.t.JMeterThread: Thread started: Predict API  1-51
2024-11-27 07:17:36,663 INFO o.a.j.t.JMeterThread: Thread started: Predict API  1-52
2024-11-27 07:17:36,674 INFO o.a.j.t.JMeterThread: Thread started: Predict API  1-53
2024-11-27 07:17:36,697 INFO o.a.j.t.JMeterThread: Thread started: Predict API  1-54
2024-11-27 07:17:36,711 INFO o.a.j.t.JMeterThread: Thread started: Predict API  1-55
2024-11-27 07:17:36,730 INFO o.a.j.t.JMeterThread: Thread started: Predict API  1-56
2024-11-27 07:17:36,734 INFO o.a.j.t.JMeterThread: Thread is done: Predict API  1-20
2024-11-27 07:17:36,735 INFO o.a.j.t.JMeterThread: Thread finished: Predict API  1-20
2024-11-27 07:17:36,742 INFO o.a.j.t.JMeterThread: Thread started: Predict API  1-57
2024-11-27 07:17:36,759 INFO o.a.j.t.JMeterThread: Thread started: Predict API  1-58
2024-11-27 07:17:36,764 INFO o.a.j.t.JMeterThread: Thread started: Predict API  1-59
2024-11-27 07:17:36,765 INFO o.a.j.t.JMeterThread: Thread is done: Predict API  1-2
2024-11-27 07:17:36,765 INFO o.a.j.t.JMeterThread: Thread finished: Predict API  1-2
2024-11-27 07:17:36,773 INFO o.a.j.t.JMeterThread: Thread is done: Predict API  1-11
2024-11-27 07:17:36,773 INFO o.a.j.t.JMeterThread: Thread started: Predict API  1-60
2024-11-27 07:17:36,773 INFO o.a.j.t.JMeterThread: Thread finished: Predict API  1-11
2024-11-27 07:17:36,785 INFO o.a.j.t.JMeterThread: Thread started: Predict API  1-61
2024-11-27 07:17:36,790 INFO o.a.j.t.JMeterThread: Thread started: Predict API  1-62
2024-11-27 07:17:36,800 INFO o.a.j.t.JMeterThread: Thread started: Predict API  1-63
2024-11-27 07:17:36,812 INFO o.a.j.t.JMeterThread: Thread started: Predict API  1-64
2024-11-27 07:17:36,823 INFO o.a.j.t.JMeterThread: Thread started: Predict API  1-65
2024-11-27 07:17:36,833 INFO o.a.j.t.JMeterThread: Thread started: Predict API  1-66
2024-11-27 07:17:36,843 INFO o.a.j.t.JMeterThread: Thread started: Predict API  1-67
2024-11-27 07:17:36,857 INFO o.a.j.t.JMeterThread: Thread started: Predict API  1-68
2024-11-27 07:17:36,869 INFO o.a.j.t.JMeterThread: Thread started: Predict API  1-69
2024-11-27 07:17:36,895 INFO o.a.j.t.JMeterThread: Thread started: Predict API  1-70
2024-11-27 07:17:36,902 INFO o.a.j.t.JMeterThread: Thread is done: Predict API  1-12
2024-11-27 07:17:36,902 INFO o.a.j.t.JMeterThread: Thread finished: Predict API  1-12
2024-11-27 07:17:36,906 INFO o.a.j.t.JMeterThread: Thread started: Predict API  1-71
2024-11-27 07:17:36,911 INFO o.a.j.t.JMeterThread: Thread is done: Predict API  1-10
2024-11-27 07:17:36,911 INFO o.a.j.t.JMeterThread: Thread finished: Predict API  1-10
2024-11-27 07:17:36,917 INFO o.a.j.t.JMeterThread: Thread is done: Predict API  1-1
2024-11-27 07:17:36,918 INFO o.a.j.t.JMeterThread: Thread finished: Predict API  1-1
2024-11-27 07:17:36,918 INFO o.a.j.t.JMeterThread: Thread is done: Predict API  1-28
2024-11-27 07:17:36,918 INFO o.a.j.t.JMeterThread: Thread finished: Predict API  1-28
2024-11-27 07:17:36,920 INFO o.a.j.t.JMeterThread: Thread started: Predict API  1-72
2024-11-27 07:17:36,937 INFO o.a.j.t.JMeterThread: Thread started: Predict API  1-73
2024-11-27 07:17:36,946 INFO o.a.j.t.JMeterThread: Thread started: Predict API  1-74
2024-11-27 07:17:36,951 INFO o.a.j.t.JMeterThread: Thread is done: Predict API  1-17
2024-11-27 07:17:36,951 INFO o.a.j.t.JMeterThread: Thread finished: Predict API  1-17
2024-11-27 07:17:36,953 INFO o.a.j.t.JMeterThread: Thread is done: Predict API  1-21
2024-11-27 07:17:36,954 INFO o.a.j.t.JMeterThread: Thread finished: Predict API  1-21
2024-11-27 07:17:36,958 INFO o.a.j.t.JMeterThread: Thread started: Predict API  1-75
2024-11-27 07:17:36,971 INFO o.a.j.t.JMeterThread: Thread started: Predict API  1-76
2024-11-27 07:17:36,980 INFO o.a.j.t.JMeterThread: Thread started: Predict API  1-77
2024-11-27 07:17:36,988 INFO o.a.j.t.JMeterThread: Thread started: Predict API  1-78
2024-11-27 07:17:36,993 INFO o.a.j.t.JMeterThread: Thread is done: Predict API  1-30
2024-11-27 07:17:36,993 INFO o.a.j.t.JMeterThread: Thread finished: Predict API  1-30
2024-11-27 07:17:36,999 INFO o.a.j.t.JMeterThread: Thread started: Predict API  1-79
2024-11-27 07:17:37,006 INFO o.a.j.t.JMeterThread: Thread started: Predict API  1-80
2024-11-27 07:17:37,015 INFO o.a.j.t.JMeterThread: Thread started: Predict API  1-81
2024-11-27 07:17:37,025 INFO o.a.j.t.JMeterThread: Thread started: Predict API  1-82
2024-11-27 07:17:37,032 INFO o.a.j.t.JMeterThread: Thread started: Predict API  1-83
2024-11-27 07:17:37,041 INFO o.a.j.t.JMeterThread: Thread started: Predict API  1-84
2024-11-27 07:17:37,051 INFO o.a.j.t.JMeterThread: Thread is done: Predict API  1-32
2024-11-27 07:17:37,051 INFO o.a.j.t.JMeterThread: Thread finished: Predict API  1-32
2024-11-27 07:17:37,055 INFO o.a.j.t.JMeterThread: Thread started: Predict API  1-85
2024-11-27 07:17:37,058 INFO o.a.j.t.JMeterThread: Thread is done: Predict API  1-7
2024-11-27 07:17:37,058 INFO o.a.j.t.JMeterThread: Thread finished: Predict API  1-7
2024-11-27 07:17:37,061 INFO o.a.j.t.JMeterThread: Thread is done: Predict API  1-19
2024-11-27 07:17:37,061 INFO o.a.j.t.JMeterThread: Thread finished: Predict API  1-19
2024-11-27 07:17:37,069 INFO o.a.j.t.JMeterThread: Thread is done: Predict API  1-5
2024-11-27 07:17:37,069 INFO o.a.j.t.JMeterThread: Thread finished: Predict API  1-5
2024-11-27 07:17:37,070 INFO o.a.j.t.JMeterThread: Thread started: Predict API  1-86
2024-11-27 07:17:37,071 INFO o.a.j.t.JMeterThread: Thread is done: Predict API  1-16
2024-11-27 07:17:37,071 INFO o.a.j.t.JMeterThread: Thread finished: Predict API  1-16
2024-11-27 07:17:37,072 INFO o.a.j.t.JMeterThread: Thread is done: Predict API  1-26
2024-11-27 07:17:37,072 INFO o.a.j.t.JMeterThread: Thread finished: Predict API  1-26
2024-11-27 07:17:37,073 INFO o.a.j.t.JMeterThread: Thread is done: Predict API  1-4
2024-11-27 07:17:37,073 INFO o.a.j.t.JMeterThread: Thread finished: Predict API  1-4
2024-11-27 07:17:37,074 INFO o.a.j.t.JMeterThread: Thread started: Predict API  1-87
2024-11-27 07:17:37,084 INFO o.a.j.t.JMeterThread: Thread started: Predict API  1-88
2024-11-27 07:17:37,093 INFO o.a.j.t.JMeterThread: Thread started: Predict API  1-89
2024-11-27 07:17:37,100 INFO o.a.j.t.JMeterThread: Thread started: Predict API  1-90
2024-11-27 07:17:37,108 INFO o.a.j.t.JMeterThread: Thread started: Predict API  1-91
2024-11-27 07:17:37,116 INFO o.a.j.t.JMeterThread: Thread started: Predict API  1-92
2024-11-27 07:17:37,129 INFO o.a.j.t.JMeterThread: Thread started: Predict API  1-93
2024-11-27 07:17:37,134 INFO o.a.j.t.JMeterThread: Thread started: Predict API  1-94
2024-11-27 07:17:37,141 INFO o.a.j.t.JMeterThread: Thread started: Predict API  1-95
2024-11-27 07:17:37,149 INFO o.a.j.t.JMeterThread: Thread started: Predict API  1-96
2024-11-27 07:17:37,152 INFO o.a.j.t.JMeterThread: Thread is done: Predict API  1-18
2024-11-27 07:17:37,150 INFO o.a.j.t.JMeterThread: Thread is done: Predict API  1-24
2024-11-27 07:17:37,152 INFO o.a.j.t.JMeterThread: Thread finished: Predict API  1-24
2024-11-27 07:17:37,153 INFO o.a.j.t.JMeterThread: Thread finished: Predict API  1-18
2024-11-27 07:17:37,156 INFO o.a.j.t.JMeterThread: Thread started: Predict API  1-97
2024-11-27 07:17:37,166 INFO o.a.j.t.JMeterThread: Thread started: Predict API  1-98
2024-11-27 07:17:37,176 INFO o.a.j.t.JMeterThread: Thread started: Predict API  1-99
2024-11-27 07:17:37,186 INFO o.a.j.t.JMeterThread: Thread is done: Predict API  1-29
2024-11-27 07:17:37,186 INFO o.a.j.t.JMeterThread: Thread finished: Predict API  1-29
2024-11-27 07:17:37,187 INFO o.a.j.t.JMeterThread: Thread started: Predict API  1-100
2024-11-27 07:17:37,198 INFO o.a.j.t.JMeterThread: Thread is done: Predict API  1-3
2024-11-27 07:17:37,198 INFO o.a.j.t.JMeterThread: Thread finished: Predict API  1-3
2024-11-27 07:17:37,204 INFO o.a.j.t.JMeterThread: Thread started: Predict API  1-101
2024-11-27 07:17:37,207 INFO o.a.j.t.JMeterThread: Thread is done: Predict API  1-22
2024-11-27 07:17:37,207 INFO o.a.j.t.JMeterThread: Thread finished: Predict API  1-22
2024-11-27 07:17:37,208 INFO o.a.j.t.JMeterThread: Thread is done: Predict API  1-13
2024-11-27 07:17:37,208 INFO o.a.j.t.JMeterThread: Thread finished: Predict API  1-13
2024-11-27 07:17:37,210 INFO o.a.j.t.JMeterThread: Thread is done: Predict API  1-6
2024-11-27 07:17:37,210 INFO o.a.j.t.JMeterThread: Thread finished: Predict API  1-6
2024-11-27 07:17:37,214 INFO o.a.j.t.JMeterThread: Thread is done: Predict API  1-27
2024-11-27 07:17:37,214 INFO o.a.j.t.JMeterThread: Thread finished: Predict API  1-27
2024-11-27 07:17:37,226 INFO o.a.j.t.JMeterThread: Thread started: Predict API  1-102
2024-11-27 07:17:37,232 INFO o.a.j.t.ThreadGroup: Started thread group number 1
2024-11-27 07:17:37,233 INFO o.a.j.e.StandardJMeterEngine: All thread groups have been started
2024-11-27 07:17:37,249 INFO o.a.j.t.JMeterThread: Thread started: Predict API  1-103
2024-11-27 07:17:37,256 INFO o.a.j.t.JMeterThread: Thread started: Predict API  1-104
2024-11-27 07:17:37,266 INFO o.a.j.t.JMeterThread: Thread started: Predict API  1-105
2024-11-27 07:17:37,278 INFO o.a.j.t.JMeterThread: Thread started: Predict API  1-106
2024-11-27 07:17:37,282 INFO o.a.j.t.JMeterThread: Thread is done: Predict API  1-15
2024-11-27 07:17:37,282 INFO o.a.j.t.JMeterThread: Thread finished: Predict API  1-15
2024-11-27 07:17:37,287 INFO o.a.j.t.JMeterThread: Thread started: Predict API  1-107
2024-11-27 07:17:37,297 INFO o.a.j.t.JMeterThread: Thread started: Predict API  1-108
2024-11-27 07:17:37,306 INFO o.a.j.t.JMeterThread: Thread started: Predict API  1-109
2024-11-27 07:17:37,311 INFO o.a.j.t.JMeterThread: Thread is done: Predict API  1-25
2024-11-27 07:17:37,311 INFO o.a.j.t.JMeterThread: Thread finished: Predict API  1-25
2024-11-27 07:17:37,313 INFO o.a.j.t.JMeterThread: Thread started: Predict API  1-110
2024-11-27 07:17:37,324 INFO o.a.j.t.JMeterThread: Thread started: Predict API  1-111
2024-11-27 07:17:37,336 INFO o.a.j.t.JMeterThread: Thread started: Predict API  1-112
2024-11-27 07:17:37,345 INFO o.a.j.t.JMeterThread: Thread started: Predict API  1-113
2024-11-27 07:17:37,351 INFO o.a.j.t.JMeterThread: Thread started: Predict API  1-114
2024-11-27 07:17:37,361 INFO o.a.j.t.JMeterThread: Thread started: Predict API  1-115
2024-11-27 07:17:37,371 INFO o.a.j.t.JMeterThread: Thread started: Predict API  1-116
2024-11-27 07:17:37,376 INFO o.a.j.t.JMeterThread: Thread is done: Predict API  1-9
2024-11-27 07:17:37,376 INFO o.a.j.t.JMeterThread: Thread finished: Predict API  1-9
2024-11-27 07:17:37,380 INFO o.a.j.t.JMeterThread: Thread started: Predict API  1-117
2024-11-27 07:17:37,394 INFO o.a.j.t.JMeterThread: Thread started: Predict API  1-118
2024-11-27 07:17:37,401 INFO o.a.j.t.JMeterThread: Thread started: Predict API  1-119
2024-11-27 07:17:37,413 INFO o.a.j.t.JMeterThread: Thread started: Predict API  1-120
2024-11-27 07:17:37,421 INFO o.a.j.t.JMeterThread: Thread started: Predict API  1-121
2024-11-27 07:17:37,432 INFO o.a.j.t.JMeterThread: Thread started: Predict API  1-122
2024-11-27 07:17:37,440 INFO o.a.j.t.JMeterThread: Thread started: Predict API  1-123
2024-11-27 07:17:37,451 INFO o.a.j.t.JMeterThread: Thread started: Predict API  1-124
2024-11-27 07:17:37,460 INFO o.a.j.t.JMeterThread: Thread started: Predict API  1-125
2024-11-27 07:17:37,464 INFO o.a.j.t.JMeterThread: Thread is done: Predict API  1-33
2024-11-27 07:17:37,464 INFO o.a.j.t.JMeterThread: Thread finished: Predict API  1-33
2024-11-27 07:17:37,469 INFO o.a.j.t.JMeterThread: Thread started: Predict API  1-126
2024-11-27 07:17:37,478 INFO o.a.j.t.JMeterThread: Thread started: Predict API  1-127
2024-11-27 07:17:37,486 INFO o.a.j.t.JMeterThread: Thread started: Predict API  1-128
2024-11-27 07:17:37,495 INFO o.a.j.t.JMeterThread: Thread started: Predict API  1-129
2024-11-27 07:17:37,506 INFO o.a.j.t.JMeterThread: Thread started: Predict API  1-130
2024-11-27 07:17:37,516 INFO o.a.j.t.JMeterThread: Thread started: Predict API  1-131
2024-11-27 07:17:37,529 INFO o.a.j.t.JMeterThread: Thread started: Predict API  1-132
2024-11-27 07:17:37,538 INFO o.a.j.t.JMeterThread: Thread started: Predict API  1-133
2024-11-27 07:17:37,544 INFO o.a.j.t.JMeterThread: Thread is done: Predict API  1-31
2024-11-27 07:17:37,544 INFO o.a.j.t.JMeterThread: Thread finished: Predict API  1-31
2024-11-27 07:17:37,548 INFO o.a.j.t.JMeterThread: Thread started: Predict API  1-134
2024-11-27 07:17:37,558 INFO o.a.j.t.JMeterThread: Thread started: Predict API  1-135
2024-11-27 07:17:37,564 INFO o.a.j.t.JMeterThread: Thread is done: Predict API  1-8
2024-11-27 07:17:37,565 INFO o.a.j.t.JMeterThread: Thread finished: Predict API  1-8
2024-11-27 07:17:37,569 INFO o.a.j.t.JMeterThread: Thread started: Predict API  1-136
2024-11-27 07:17:37,574 INFO o.a.j.t.JMeterThread: Thread started: Predict API  1-137
2024-11-27 07:17:37,585 INFO o.a.j.t.JMeterThread: Thread started: Predict API  1-138
2024-11-27 07:17:37,596 INFO o.a.j.t.JMeterThread: Thread started: Predict API  1-139
2024-11-27 07:17:37,610 INFO o.a.j.t.JMeterThread: Thread started: Predict API  1-140
2024-11-27 07:17:37,641 INFO o.a.j.t.JMeterThread: Thread started: Predict API  1-141
2024-11-27 07:17:37,654 INFO o.a.j.t.JMeterThread: Thread started: Predict API  1-142
2024-11-27 07:17:37,670 INFO o.a.j.t.JMeterThread: Thread started: Predict API  1-143
2024-11-27 07:17:37,680 INFO o.a.j.t.JMeterThread: Thread started: Predict API  1-144
2024-11-27 07:17:37,684 INFO o.a.j.t.JMeterThread: Thread started: Predict API  1-145
2024-11-27 07:17:37,689 INFO o.a.j.t.JMeterThread: Thread is done: Predict API  1-44
2024-11-27 07:17:37,689 INFO o.a.j.t.JMeterThread: Thread finished: Predict API  1-44
2024-11-27 07:17:37,692 INFO o.a.j.t.JMeterThread: Thread started: Predict API  1-146
2024-11-27 07:17:37,695 INFO o.a.j.t.JMeterThread: Thread is done: Predict API  1-14
2024-11-27 07:17:37,695 INFO o.a.j.t.JMeterThread: Thread finished: Predict API  1-14
2024-11-27 07:17:37,700 INFO o.a.j.t.JMeterThread: Thread started: Predict API  1-147
2024-11-27 07:17:37,703 INFO o.a.j.t.JMeterThread: Thread is done: Predict API  1-37
2024-11-27 07:17:37,703 INFO o.a.j.t.JMeterThread: Thread finished: Predict API  1-37
2024-11-27 07:17:37,709 INFO o.a.j.t.JMeterThread: Thread started: Predict API  1-148
2024-11-27 07:17:37,722 INFO o.a.j.t.JMeterThread: Thread started: Predict API  1-149
2024-11-27 07:17:37,728 INFO o.a.j.t.JMeterThread: Thread started: Predict API  1-150
2024-11-27 07:17:37,735 INFO o.a.j.t.JMeterThread: Thread started: Predict API  1-151
2024-11-27 07:17:37,742 INFO o.a.j.t.JMeterThread: Thread started: Predict API  1-152
2024-11-27 07:17:37,753 INFO o.a.j.t.JMeterThread: Thread started: Predict API  1-153
2024-11-27 07:17:37,769 INFO o.a.j.t.JMeterThread: Thread started: Predict API  1-154
2024-11-27 07:17:37,775 INFO o.a.j.t.JMeterThread: Thread started: Predict API  1-155
2024-11-27 07:17:37,785 INFO o.a.j.t.JMeterThread: Thread started: Predict API  1-156
2024-11-27 07:17:37,793 INFO o.a.j.t.JMeterThread: Thread started: Predict API  1-157
2024-11-27 07:17:37,802 INFO o.a.j.t.JMeterThread: Thread started: Predict API  1-158
2024-11-27 07:17:37,812 INFO o.a.j.t.JMeterThread: Thread started: Predict API  1-159
2024-11-27 07:17:37,820 INFO o.a.j.t.JMeterThread: Thread started: Predict API  1-160
2024-11-27 07:17:37,829 INFO o.a.j.t.JMeterThread: Thread is done: Predict API  1-39
2024-11-27 07:17:37,829 INFO o.a.j.t.JMeterThread: Thread finished: Predict API  1-39
2024-11-27 07:17:37,829 INFO o.a.j.t.JMeterThread: Thread started: Predict API  1-161
2024-11-27 07:17:37,842 INFO o.a.j.t.JMeterThread: Thread started: Predict API  1-162
2024-11-27 07:17:37,843 INFO o.a.j.t.JMeterThread: Thread is done: Predict API  1-61
2024-11-27 07:17:37,843 INFO o.a.j.t.JMeterThread: Thread finished: Predict API  1-61
2024-11-27 07:17:37,844 INFO o.a.j.t.JMeterThread: Thread is done: Predict API  1-52
2024-11-27 07:17:37,844 INFO o.a.j.t.JMeterThread: Thread finished: Predict API  1-52
2024-11-27 07:17:37,844 INFO o.a.j.t.JMeterThread: Thread is done: Predict API  1-35
2024-11-27 07:17:37,844 INFO o.a.j.t.JMeterThread: Thread finished: Predict API  1-35
2024-11-27 07:17:37,849 INFO o.a.j.t.JMeterThread: Thread started: Predict API  1-163
2024-11-27 07:17:37,859 INFO o.a.j.t.JMeterThread: Thread started: Predict API  1-164
2024-11-27 07:17:37,864 INFO o.a.j.t.JMeterThread: Thread started: Predict API  1-165
2024-11-27 07:17:37,874 INFO o.a.j.t.JMeterThread: Thread started: Predict API  1-166
2024-11-27 07:17:37,884 INFO o.a.j.t.JMeterThread: Thread started: Predict API  1-167
2024-11-27 07:17:37,906 INFO o.a.j.t.JMeterThread: Thread started: Predict API  1-168
2024-11-27 07:17:37,918 INFO o.a.j.t.JMeterThread: Thread started: Predict API  1-169
2024-11-27 07:17:37,935 INFO o.a.j.t.JMeterThread: Thread started: Predict API  1-170
2024-11-27 07:17:37,945 INFO o.a.j.t.JMeterThread: Thread started: Predict API  1-171
2024-11-27 07:17:37,952 INFO o.a.j.t.JMeterThread: Thread started: Predict API  1-172
2024-11-27 07:17:37,961 INFO o.a.j.t.JMeterThread: Thread started: Predict API  1-173
2024-11-27 07:17:37,969 INFO o.a.j.t.JMeterThread: Thread started: Predict API  1-174
2024-11-27 07:17:37,978 INFO o.a.j.t.JMeterThread: Thread started: Predict API  1-175
2024-11-27 07:17:37,986 INFO o.a.j.t.JMeterThread: Thread started: Predict API  1-176
2024-11-27 07:17:37,994 INFO o.a.j.t.JMeterThread: Thread started: Predict API  1-177
2024-11-27 07:17:38,003 INFO o.a.j.t.JMeterThread: Thread started: Predict API  1-178
2024-11-27 07:17:38,006 INFO o.a.j.t.JMeterThread: Thread is done: Predict API  1-34
2024-11-27 07:17:38,006 INFO o.a.j.t.JMeterThread: Thread finished: Predict API  1-34
2024-11-27 07:17:38,013 INFO o.a.j.t.JMeterThread: Thread started: Predict API  1-179
2024-11-27 07:17:38,016 INFO o.a.j.t.JMeterThread: Thread is done: Predict API  1-36
2024-11-27 07:17:38,030 INFO o.a.j.t.JMeterThread: Thread finished: Predict API  1-36
2024-11-27 07:17:38,019 INFO o.a.j.t.JMeterThread: Thread started: Predict API  1-180
2024-11-27 07:17:38,035 INFO o.a.j.t.JMeterThread: Thread started: Predict API  1-181
2024-11-27 07:17:38,048 INFO o.a.j.t.JMeterThread: Thread started: Predict API  1-182
2024-11-27 07:17:38,062 INFO o.a.j.t.JMeterThread: Thread started: Predict API  1-183
2024-11-27 07:17:38,069 INFO o.a.j.t.JMeterThread: Thread started: Predict API  1-184
2024-11-27 07:17:38,078 INFO o.a.j.t.JMeterThread: Thread started: Predict API  1-185
2024-11-27 07:17:38,089 INFO o.a.j.t.JMeterThread: Thread started: Predict API  1-186
2024-11-27 07:17:38,098 INFO o.a.j.t.JMeterThread: Thread started: Predict API  1-187
2024-11-27 07:17:38,105 INFO o.a.j.t.JMeterThread: Thread started: Predict API  1-188
2024-11-27 07:17:38,113 INFO o.a.j.t.JMeterThread: Thread started: Predict API  1-189
2024-11-27 07:17:38,120 INFO o.a.j.t.JMeterThread: Thread started: Predict API  1-190
2024-11-27 07:17:38,130 INFO o.a.j.t.JMeterThread: Thread started: Predict API  1-191
2024-11-27 07:17:38,138 INFO o.a.j.t.JMeterThread: Thread started: Predict API  1-192
2024-11-27 07:17:38,149 INFO o.a.j.t.JMeterThread: Thread started: Predict API  1-193
2024-11-27 07:17:38,158 INFO o.a.j.t.JMeterThread: Thread started: Predict API  1-194
2024-11-27 07:17:38,169 INFO o.a.j.t.JMeterThread: Thread started: Predict API  1-195
2024-11-27 07:17:38,190 INFO o.a.j.t.JMeterThread: Thread started: Predict API  1-196
2024-11-27 07:17:38,197 INFO o.a.j.t.JMeterThread: Thread is done: Predict API  1-59
2024-11-27 07:17:38,197 INFO o.a.j.t.JMeterThread: Thread finished: Predict API  1-59
2024-11-27 07:17:38,206 INFO o.a.j.t.JMeterThread: Thread started: Predict API  1-197
2024-11-27 07:17:38,215 INFO o.a.j.t.JMeterThread: Thread started: Predict API  1-198
2024-11-27 07:17:38,216 INFO o.a.j.t.JMeterThread: Thread is done: Predict API  1-45
2024-11-27 07:17:38,216 INFO o.a.j.t.JMeterThread: Thread finished: Predict API  1-45
2024-11-27 07:17:38,220 INFO o.a.j.t.JMeterThread: Thread started: Predict API  1-199
2024-11-27 07:17:38,228 INFO o.a.j.t.JMeterThread: Thread started: Predict API  1-200
2024-11-27 07:17:38,255 INFO o.a.j.t.JMeterThread: Thread is done: Predict API  1-68
2024-11-27 07:17:38,255 INFO o.a.j.t.JMeterThread: Thread finished: Predict API  1-68
2024-11-27 07:17:38,258 INFO o.a.j.t.JMeterThread: Thread is done: Predict API  1-50
2024-11-27 07:17:38,258 INFO o.a.j.t.JMeterThread: Thread finished: Predict API  1-50
2024-11-27 07:17:38,262 INFO o.a.j.t.JMeterThread: Thread is done: Predict API  1-48
2024-11-27 07:17:38,263 INFO o.a.j.t.JMeterThread: Thread finished: Predict API  1-48
2024-11-27 07:17:38,409 INFO o.a.j.t.JMeterThread: Thread is done: Predict API  1-41
2024-11-27 07:17:38,409 INFO o.a.j.t.JMeterThread: Thread finished: Predict API  1-41
2024-11-27 07:17:38,460 INFO o.a.j.t.JMeterThread: Thread is done: Predict API  1-67
2024-11-27 07:17:38,460 INFO o.a.j.t.JMeterThread: Thread finished: Predict API  1-67
2024-11-27 07:17:38,489 INFO o.a.j.t.JMeterThread: Thread is done: Predict API  1-42
2024-11-27 07:17:38,489 INFO o.a.j.t.JMeterThread: Thread finished: Predict API  1-42
2024-11-27 07:17:38,489 INFO o.a.j.t.JMeterThread: Thread is done: Predict API  1-72
2024-11-27 07:17:38,489 INFO o.a.j.t.JMeterThread: Thread finished: Predict API  1-72
2024-11-27 07:17:38,493 INFO o.a.j.t.JMeterThread: Thread is done: Predict API  1-57
2024-11-27 07:17:38,493 INFO o.a.j.t.JMeterThread: Thread finished: Predict API  1-57
2024-11-27 07:17:38,496 INFO o.a.j.t.JMeterThread: Thread is done: Predict API  1-40
2024-11-27 07:17:38,496 INFO o.a.j.t.JMeterThread: Thread finished: Predict API  1-40
2024-11-27 07:17:38,513 INFO o.a.j.t.JMeterThread: Thread is done: Predict API  1-43
2024-11-27 07:17:38,513 INFO o.a.j.t.JMeterThread: Thread finished: Predict API  1-43
2024-11-27 07:17:38,527 INFO o.a.j.t.JMeterThread: Thread is done: Predict API  1-46
2024-11-27 07:17:38,527 INFO o.a.j.t.JMeterThread: Thread finished: Predict API  1-46
2024-11-27 07:17:38,762 INFO o.a.j.t.JMeterThread: Thread is done: Predict API  1-47
2024-11-27 07:17:38,762 INFO o.a.j.t.JMeterThread: Thread finished: Predict API  1-47
2024-11-27 07:17:38,768 INFO o.a.j.t.JMeterThread: Thread is done: Predict API  1-80
2024-11-27 07:17:38,769 INFO o.a.j.t.JMeterThread: Thread finished: Predict API  1-80
2024-11-27 07:17:38,801 INFO o.a.j.t.JMeterThread: Thread is done: Predict API  1-38
2024-11-27 07:17:38,802 INFO o.a.j.t.JMeterThread: Thread finished: Predict API  1-38
2024-11-27 07:17:38,903 INFO o.a.j.t.JMeterThread: Thread is done: Predict API  1-74
2024-11-27 07:17:38,903 INFO o.a.j.t.JMeterThread: Thread finished: Predict API  1-74
2024-11-27 07:17:38,916 INFO o.a.j.t.JMeterThread: Thread is done: Predict API  1-75
2024-11-27 07:17:38,916 INFO o.a.j.t.JMeterThread: Thread finished: Predict API  1-75
2024-11-27 07:17:38,917 INFO o.a.j.t.JMeterThread: Thread is done: Predict API  1-99
2024-11-27 07:17:38,917 INFO o.a.j.t.JMeterThread: Thread finished: Predict API  1-99
2024-11-27 07:17:38,919 INFO o.a.j.t.JMeterThread: Thread is done: Predict API  1-104
2024-11-27 07:17:38,919 INFO o.a.j.t.JMeterThread: Thread finished: Predict API  1-104
2024-11-27 07:17:38,920 INFO o.a.j.t.JMeterThread: Thread is done: Predict API  1-103
2024-11-27 07:17:38,920 INFO o.a.j.t.JMeterThread: Thread finished: Predict API  1-103
2024-11-27 07:17:38,923 INFO o.a.j.t.JMeterThread: Thread is done: Predict API  1-77
2024-11-27 07:17:38,923 INFO o.a.j.t.JMeterThread: Thread finished: Predict API  1-77
2024-11-27 07:17:38,924 INFO o.a.j.t.JMeterThread: Thread is done: Predict API  1-81
2024-11-27 07:17:38,924 INFO o.a.j.t.JMeterThread: Thread finished: Predict API  1-81
2024-11-27 07:17:38,927 INFO o.a.j.t.JMeterThread: Thread is done: Predict API  1-69
2024-11-27 07:17:38,927 INFO o.a.j.t.JMeterThread: Thread finished: Predict API  1-69
2024-11-27 07:17:38,929 INFO o.a.j.t.JMeterThread: Thread is done: Predict API  1-51
2024-11-27 07:17:38,929 INFO o.a.j.t.JMeterThread: Thread finished: Predict API  1-51
2024-11-27 07:17:39,068 INFO o.a.j.t.JMeterThread: Thread is done: Predict API  1-71
2024-11-27 07:17:39,068 INFO o.a.j.t.JMeterThread: Thread finished: Predict API  1-71
2024-11-27 07:17:39,068 INFO o.a.j.t.JMeterThread: Thread is done: Predict API  1-70
2024-11-27 07:17:39,068 INFO o.a.j.t.JMeterThread: Thread finished: Predict API  1-70
2024-11-27 07:17:39,072 INFO o.a.j.t.JMeterThread: Thread is done: Predict API  1-84
2024-11-27 07:17:39,072 INFO o.a.j.t.JMeterThread: Thread finished: Predict API  1-84
2024-11-27 07:17:39,072 INFO o.a.j.t.JMeterThread: Thread is done: Predict API  1-66
2024-11-27 07:17:39,072 INFO o.a.j.t.JMeterThread: Thread finished: Predict API  1-66
2024-11-27 07:17:39,083 INFO o.a.j.t.JMeterThread: Thread is done: Predict API  1-63
2024-11-27 07:17:39,083 INFO o.a.j.t.JMeterThread: Thread finished: Predict API  1-63
2024-11-27 07:17:39,083 INFO o.a.j.t.JMeterThread: Thread is done: Predict API  1-96
2024-11-27 07:17:39,083 INFO o.a.j.t.JMeterThread: Thread finished: Predict API  1-96
2024-11-27 07:17:39,084 INFO o.a.j.t.JMeterThread: Thread is done: Predict API  1-62
2024-11-27 07:17:39,084 INFO o.a.j.t.JMeterThread: Thread finished: Predict API  1-62
2024-11-27 07:17:39,089 INFO o.a.j.t.JMeterThread: Thread is done: Predict API  1-53
2024-11-27 07:17:39,089 INFO o.a.j.t.JMeterThread: Thread finished: Predict API  1-53
2024-11-27 07:17:39,090 INFO o.a.j.t.JMeterThread: Thread is done: Predict API  1-78
2024-11-27 07:17:39,090 INFO o.a.j.t.JMeterThread: Thread finished: Predict API  1-78
2024-11-27 07:17:39,092 INFO o.a.j.t.JMeterThread: Thread is done: Predict API  1-79
2024-11-27 07:17:39,093 INFO o.a.j.t.JMeterThread: Thread finished: Predict API  1-79
2024-11-27 07:17:39,194 INFO o.a.j.t.JMeterThread: Thread is done: Predict API  1-54
2024-11-27 07:17:39,194 INFO o.a.j.t.JMeterThread: Thread finished: Predict API  1-54
2024-11-27 07:17:39,223 INFO o.a.j.t.JMeterThread: Thread is done: Predict API  1-73
2024-11-27 07:17:39,223 INFO o.a.j.t.JMeterThread: Thread finished: Predict API  1-73
2024-11-27 07:17:39,235 INFO o.a.j.t.JMeterThread: Thread is done: Predict API  1-98
2024-11-27 07:17:39,235 INFO o.a.j.t.JMeterThread: Thread finished: Predict API  1-98
2024-11-27 07:17:39,249 INFO o.a.j.t.JMeterThread: Thread is done: Predict API  1-110
2024-11-27 07:17:39,249 INFO o.a.j.t.JMeterThread: Thread finished: Predict API  1-110
2024-11-27 07:17:39,252 INFO o.a.j.t.JMeterThread: Thread is done: Predict API  1-49
2024-11-27 07:17:39,252 INFO o.a.j.t.JMeterThread: Thread finished: Predict API  1-49
2024-11-27 07:17:39,252 INFO o.a.j.t.JMeterThread: Thread is done: Predict API  1-92
2024-11-27 07:17:39,252 INFO o.a.j.t.JMeterThread: Thread finished: Predict API  1-92
2024-11-27 07:17:39,379 INFO o.a.j.t.JMeterThread: Thread is done: Predict API  1-114
2024-11-27 07:17:39,379 INFO o.a.j.t.JMeterThread: Thread finished: Predict API  1-114
2024-11-27 07:17:39,380 INFO o.a.j.t.JMeterThread: Thread is done: Predict API  1-100
2024-11-27 07:17:39,380 INFO o.a.j.t.JMeterThread: Thread finished: Predict API  1-100
2024-11-27 07:17:39,455 INFO o.a.j.t.JMeterThread: Thread is done: Predict API  1-56
2024-11-27 07:17:39,455 INFO o.a.j.t.JMeterThread: Thread finished: Predict API  1-56
2024-11-27 07:17:39,471 INFO o.a.j.t.JMeterThread: Thread is done: Predict API  1-76
2024-11-27 07:17:39,471 INFO o.a.j.t.JMeterThread: Thread finished: Predict API  1-76
2024-11-27 07:17:39,555 INFO o.a.j.t.JMeterThread: Thread is done: Predict API  1-58
2024-11-27 07:17:39,555 INFO o.a.j.t.JMeterThread: Thread finished: Predict API  1-58
2024-11-27 07:17:39,564 INFO o.a.j.t.JMeterThread: Thread is done: Predict API  1-101
2024-11-27 07:17:39,564 INFO o.a.j.t.JMeterThread: Thread finished: Predict API  1-101
2024-11-27 07:17:39,564 INFO o.a.j.t.JMeterThread: Thread is done: Predict API  1-60
2024-11-27 07:17:39,564 INFO o.a.j.t.JMeterThread: Thread finished: Predict API  1-60
2024-11-27 07:17:39,573 INFO o.a.j.t.JMeterThread: Thread is done: Predict API  1-55
2024-11-27 07:17:39,573 INFO o.a.j.t.JMeterThread: Thread finished: Predict API  1-55
2024-11-27 07:17:39,587 INFO o.a.j.t.JMeterThread: Thread is done: Predict API  1-64
2024-11-27 07:17:39,587 INFO o.a.j.t.JMeterThread: Thread finished: Predict API  1-64
2024-11-27 07:17:39,619 INFO o.a.j.t.JMeterThread: Thread is done: Predict API  1-97
2024-11-27 07:17:39,619 INFO o.a.j.t.JMeterThread: Thread finished: Predict API  1-97
2024-11-27 07:17:39,634 INFO o.a.j.t.JMeterThread: Thread is done: Predict API  1-115
2024-11-27 07:17:39,634 INFO o.a.j.t.JMeterThread: Thread finished: Predict API  1-115
2024-11-27 07:17:39,647 INFO o.a.j.t.JMeterThread: Thread is done: Predict API  1-108
2024-11-27 07:17:39,647 INFO o.a.j.t.JMeterThread: Thread finished: Predict API  1-108
2024-11-27 07:17:39,653 INFO o.a.j.t.JMeterThread: Thread is done: Predict API  1-107
2024-11-27 07:17:39,653 INFO o.a.j.t.JMeterThread: Thread finished: Predict API  1-107
2024-11-27 07:17:39,653 INFO o.a.j.t.JMeterThread: Thread is done: Predict API  1-86
2024-11-27 07:17:39,653 INFO o.a.j.t.JMeterThread: Thread finished: Predict API  1-86
2024-11-27 07:17:39,662 INFO o.a.j.t.JMeterThread: Thread is done: Predict API  1-83
2024-11-27 07:17:39,662 INFO o.a.j.t.JMeterThread: Thread finished: Predict API  1-83
2024-11-27 07:17:39,666 INFO o.a.j.t.JMeterThread: Thread is done: Predict API  1-90
2024-11-27 07:17:39,666 INFO o.a.j.t.JMeterThread: Thread finished: Predict API  1-90
2024-11-27 07:17:39,668 INFO o.a.j.t.JMeterThread: Thread is done: Predict API  1-109
2024-11-27 07:17:39,668 INFO o.a.j.t.JMeterThread: Thread finished: Predict API  1-109
2024-11-27 07:17:39,675 INFO o.a.j.t.JMeterThread: Thread is done: Predict API  1-85
2024-11-27 07:17:39,675 INFO o.a.j.t.JMeterThread: Thread finished: Predict API  1-85
2024-11-27 07:17:39,830 INFO o.a.j.t.JMeterThread: Thread is done: Predict API  1-131
2024-11-27 07:17:39,830 INFO o.a.j.t.JMeterThread: Thread finished: Predict API  1-131
2024-11-27 07:17:39,832 INFO o.a.j.t.JMeterThread: Thread is done: Predict API  1-120
2024-11-27 07:17:39,832 INFO o.a.j.t.JMeterThread: Thread finished: Predict API  1-120
2024-11-27 07:17:39,833 INFO o.a.j.t.JMeterThread: Thread is done: Predict API  1-93
2024-11-27 07:17:39,833 INFO o.a.j.t.JMeterThread: Thread finished: Predict API  1-93
2024-11-27 07:17:39,835 INFO o.a.j.t.JMeterThread: Thread is done: Predict API  1-95
2024-11-27 07:17:39,835 INFO o.a.j.t.JMeterThread: Thread finished: Predict API  1-95
2024-11-27 07:17:39,837 INFO o.a.j.t.JMeterThread: Thread is done: Predict API  1-87
2024-11-27 07:17:39,837 INFO o.a.j.t.JMeterThread: Thread finished: Predict API  1-87
2024-11-27 07:17:39,838 INFO o.a.j.t.JMeterThread: Thread is done: Predict API  1-122
2024-11-27 07:17:39,838 INFO o.a.j.t.JMeterThread: Thread finished: Predict API  1-122
2024-11-27 07:17:39,841 INFO o.a.j.t.JMeterThread: Thread is done: Predict API  1-23
2024-11-27 07:17:39,841 INFO o.a.j.t.JMeterThread: Thread finished: Predict API  1-23
2024-11-27 07:17:39,842 INFO o.a.j.t.JMeterThread: Thread is done: Predict API  1-128
2024-11-27 07:17:39,842 INFO o.a.j.t.JMeterThread: Thread finished: Predict API  1-128
2024-11-27 07:17:39,844 INFO o.a.j.t.JMeterThread: Thread is done: Predict API  1-105
2024-11-27 07:17:39,844 INFO o.a.j.t.JMeterThread: Thread finished: Predict API  1-105
2024-11-27 07:17:39,847 INFO o.a.j.t.JMeterThread: Thread is done: Predict API  1-112
2024-11-27 07:17:39,847 INFO o.a.j.t.JMeterThread: Thread finished: Predict API  1-112
2024-11-27 07:17:39,854 INFO o.a.j.t.JMeterThread: Thread is done: Predict API  1-116
2024-11-27 07:17:39,854 INFO o.a.j.t.JMeterThread: Thread finished: Predict API  1-116
2024-11-27 07:17:39,856 INFO o.a.j.t.JMeterThread: Thread is done: Predict API  1-119
2024-11-27 07:17:39,856 INFO o.a.j.t.JMeterThread: Thread finished: Predict API  1-119
2024-11-27 07:17:39,873 INFO o.a.j.t.JMeterThread: Thread is done: Predict API  1-136
2024-11-27 07:17:39,874 INFO o.a.j.t.JMeterThread: Thread finished: Predict API  1-136
2024-11-27 07:17:39,937 INFO o.a.j.t.JMeterThread: Thread is done: Predict API  1-106
2024-11-27 07:17:39,937 INFO o.a.j.t.JMeterThread: Thread finished: Predict API  1-106
2024-11-27 07:17:39,942 INFO o.a.j.t.JMeterThread: Thread is done: Predict API  1-82
2024-11-27 07:17:39,942 INFO o.a.j.t.JMeterThread: Thread finished: Predict API  1-82
2024-11-27 07:17:39,958 INFO o.a.j.t.JMeterThread: Thread is done: Predict API  1-94
2024-11-27 07:17:39,959 INFO o.a.j.t.JMeterThread: Thread finished: Predict API  1-94
2024-11-27 07:17:39,970 INFO o.a.j.t.JMeterThread: Thread is done: Predict API  1-111
2024-11-27 07:17:39,970 INFO o.a.j.t.JMeterThread: Thread finished: Predict API  1-111
2024-11-27 07:17:39,976 INFO o.a.j.t.JMeterThread: Thread is done: Predict API  1-124
2024-11-27 07:17:39,976 INFO o.a.j.t.JMeterThread: Thread finished: Predict API  1-124
2024-11-27 07:17:40,040 INFO o.a.j.t.JMeterThread: Thread is done: Predict API  1-126
2024-11-27 07:17:40,040 INFO o.a.j.t.JMeterThread: Thread finished: Predict API  1-126
2024-11-27 07:17:40,048 INFO o.a.j.t.JMeterThread: Thread is done: Predict API  1-130
2024-11-27 07:17:40,048 INFO o.a.j.t.JMeterThread: Thread finished: Predict API  1-130
2024-11-27 07:17:40,050 INFO o.a.j.t.JMeterThread: Thread is done: Predict API  1-102
2024-11-27 07:17:40,050 INFO o.a.j.t.JMeterThread: Thread finished: Predict API  1-102
2024-11-27 07:17:40,055 INFO o.a.j.t.JMeterThread: Thread is done: Predict API  1-113
2024-11-27 07:17:40,055 INFO o.a.j.t.JMeterThread: Thread finished: Predict API  1-113
2024-11-27 07:17:40,056 INFO o.a.j.t.JMeterThread: Thread is done: Predict API  1-88
2024-11-27 07:17:40,056 INFO o.a.j.t.JMeterThread: Thread finished: Predict API  1-88
2024-11-27 07:17:40,058 INFO o.a.j.t.JMeterThread: Thread is done: Predict API  1-134
2024-11-27 07:17:40,058 INFO o.a.j.t.JMeterThread: Thread finished: Predict API  1-134
2024-11-27 07:17:40,063 INFO o.a.j.t.JMeterThread: Thread is done: Predict API  1-132
2024-11-27 07:17:40,063 INFO o.a.j.t.JMeterThread: Thread finished: Predict API  1-132
2024-11-27 07:17:40,064 INFO o.a.j.t.JMeterThread: Thread is done: Predict API  1-138
2024-11-27 07:17:40,064 INFO o.a.j.t.JMeterThread: Thread finished: Predict API  1-138
2024-11-27 07:17:40,065 INFO o.a.j.t.JMeterThread: Thread is done: Predict API  1-91
2024-11-27 07:17:40,065 INFO o.a.j.t.JMeterThread: Thread finished: Predict API  1-91
2024-11-27 07:17:40,089 INFO o.a.j.t.JMeterThread: Thread is done: Predict API  1-118
2024-11-27 07:17:40,090 INFO o.a.j.t.JMeterThread: Thread finished: Predict API  1-118
2024-11-27 07:17:40,118 INFO o.a.j.t.JMeterThread: Thread is done: Predict API  1-89
2024-11-27 07:17:40,118 INFO o.a.j.t.JMeterThread: Thread finished: Predict API  1-89
2024-11-27 07:17:40,147 INFO o.a.j.t.JMeterThread: Thread is done: Predict API  1-148
2024-11-27 07:17:40,147 INFO o.a.j.t.JMeterThread: Thread finished: Predict API  1-148
2024-11-27 07:17:40,176 INFO o.a.j.t.JMeterThread: Thread is done: Predict API  1-155
2024-11-27 07:17:40,176 INFO o.a.j.t.JMeterThread: Thread finished: Predict API  1-155
2024-11-27 07:17:40,186 INFO o.a.j.t.JMeterThread: Thread is done: Predict API  1-147
2024-11-27 07:17:40,186 INFO o.a.j.t.JMeterThread: Thread finished: Predict API  1-147
2024-11-27 07:17:40,239 INFO o.a.j.t.JMeterThread: Thread is done: Predict API  1-154
2024-11-27 07:17:40,239 INFO o.a.j.t.JMeterThread: Thread finished: Predict API  1-154
2024-11-27 07:17:40,275 INFO o.a.j.t.JMeterThread: Thread is done: Predict API  1-157
2024-11-27 07:17:40,276 INFO o.a.j.t.JMeterThread: Thread finished: Predict API  1-157
2024-11-27 07:17:40,281 INFO o.a.j.t.JMeterThread: Thread is done: Predict API  1-123
2024-11-27 07:17:40,281 INFO o.a.j.t.JMeterThread: Thread finished: Predict API  1-123
2024-11-27 07:17:40,287 INFO o.a.j.t.JMeterThread: Thread is done: Predict API  1-139
2024-11-27 07:17:40,287 INFO o.a.j.t.JMeterThread: Thread finished: Predict API  1-139
2024-11-27 07:17:40,289 INFO o.a.j.t.JMeterThread: Thread is done: Predict API  1-117
2024-11-27 07:17:40,289 INFO o.a.j.t.JMeterThread: Thread finished: Predict API  1-117
2024-11-27 07:17:40,302 INFO o.a.j.t.JMeterThread: Thread is done: Predict API  1-163
2024-11-27 07:17:40,302 INFO o.a.j.t.JMeterThread: Thread finished: Predict API  1-163
2024-11-27 07:17:40,303 INFO o.a.j.t.JMeterThread: Thread is done: Predict API  1-146
2024-11-27 07:17:40,303 INFO o.a.j.t.JMeterThread: Thread finished: Predict API  1-146
2024-11-27 07:17:40,305 INFO o.a.j.t.JMeterThread: Thread is done: Predict API  1-158
2024-11-27 07:17:40,305 INFO o.a.j.t.JMeterThread: Thread finished: Predict API  1-158
2024-11-27 07:17:40,306 INFO o.a.j.t.JMeterThread: Thread is done: Predict API  1-156
2024-11-27 07:17:40,306 INFO o.a.j.t.JMeterThread: Thread finished: Predict API  1-156
2024-11-27 07:17:40,309 INFO o.a.j.t.JMeterThread: Thread is done: Predict API  1-172
2024-11-27 07:17:40,309 INFO o.a.j.t.JMeterThread: Thread finished: Predict API  1-172
2024-11-27 07:17:40,309 INFO o.a.j.t.JMeterThread: Thread is done: Predict API  1-143
2024-11-27 07:17:40,309 INFO o.a.j.t.JMeterThread: Thread finished: Predict API  1-143
2024-11-27 07:17:40,310 INFO o.a.j.t.JMeterThread: Thread is done: Predict API  1-145
2024-11-27 07:17:40,310 INFO o.a.j.t.JMeterThread: Thread finished: Predict API  1-145
2024-11-27 07:17:40,313 INFO o.a.j.t.JMeterThread: Thread is done: Predict API  1-125
2024-11-27 07:17:40,313 INFO o.a.j.t.JMeterThread: Thread finished: Predict API  1-125
2024-11-27 07:17:40,314 INFO o.a.j.t.JMeterThread: Thread is done: Predict API  1-135
2024-11-27 07:17:40,314 INFO o.a.j.t.JMeterThread: Thread finished: Predict API  1-135
2024-11-27 07:17:40,315 INFO o.a.j.t.JMeterThread: Thread is done: Predict API  1-152
2024-11-27 07:17:40,315 INFO o.a.j.t.JMeterThread: Thread finished: Predict API  1-152
2024-11-27 07:17:40,316 INFO o.a.j.t.JMeterThread: Thread is done: Predict API  1-140
2024-11-27 07:17:40,316 INFO o.a.j.t.JMeterThread: Thread finished: Predict API  1-140
2024-11-27 07:17:40,317 INFO o.a.j.t.JMeterThread: Thread is done: Predict API  1-129
2024-11-27 07:17:40,317 INFO o.a.j.t.JMeterThread: Thread finished: Predict API  1-129
2024-11-27 07:17:40,320 INFO o.a.j.t.JMeterThread: Thread is done: Predict API  1-150
2024-11-27 07:17:40,320 INFO o.a.j.t.JMeterThread: Thread finished: Predict API  1-150
2024-11-27 07:17:40,320 INFO o.a.j.t.JMeterThread: Thread is done: Predict API  1-137
2024-11-27 07:17:40,321 INFO o.a.j.t.JMeterThread: Thread finished: Predict API  1-137
2024-11-27 07:17:40,322 INFO o.a.j.t.JMeterThread: Thread is done: Predict API  1-166
2024-11-27 07:17:40,322 INFO o.a.j.t.JMeterThread: Thread finished: Predict API  1-166
2024-11-27 07:17:40,323 INFO o.a.j.t.JMeterThread: Thread is done: Predict API  1-161
2024-11-27 07:17:40,323 INFO o.a.j.t.JMeterThread: Thread finished: Predict API  1-161
2024-11-27 07:17:40,325 INFO o.a.j.t.JMeterThread: Thread is done: Predict API  1-151
2024-11-27 07:17:40,325 INFO o.a.j.t.JMeterThread: Thread finished: Predict API  1-151
2024-11-27 07:17:40,325 INFO o.a.j.t.JMeterThread: Thread is done: Predict API  1-159
2024-11-27 07:17:40,325 INFO o.a.j.t.JMeterThread: Thread finished: Predict API  1-159
2024-11-27 07:17:40,431 INFO o.a.j.t.JMeterThread: Thread is done: Predict API  1-144
2024-11-27 07:17:40,431 INFO o.a.j.t.JMeterThread: Thread finished: Predict API  1-144
2024-11-27 07:17:40,431 INFO o.a.j.t.JMeterThread: Thread is done: Predict API  1-162
2024-11-27 07:17:40,431 INFO o.a.j.t.JMeterThread: Thread finished: Predict API  1-162
2024-11-27 07:17:40,435 INFO o.a.j.t.JMeterThread: Thread is done: Predict API  1-174
2024-11-27 07:17:40,435 INFO o.a.j.t.JMeterThread: Thread finished: Predict API  1-174
2024-11-27 07:17:40,435 INFO o.a.j.t.JMeterThread: Thread is done: Predict API  1-192
2024-11-27 07:17:40,435 INFO o.a.j.t.JMeterThread: Thread finished: Predict API  1-192
2024-11-27 07:17:40,436 INFO o.a.j.t.JMeterThread: Thread is done: Predict API  1-170
2024-11-27 07:17:40,436 INFO o.a.j.t.JMeterThread: Thread finished: Predict API  1-170
2024-11-27 07:17:40,437 INFO o.a.j.t.JMeterThread: Thread is done: Predict API  1-191
2024-11-27 07:17:40,437 INFO o.a.j.t.JMeterThread: Thread finished: Predict API  1-191
2024-11-27 07:17:40,438 INFO o.a.j.t.JMeterThread: Thread is done: Predict API  1-179
2024-11-27 07:17:40,438 INFO o.a.j.t.JMeterThread: Thread finished: Predict API  1-179
2024-11-27 07:17:40,438 INFO o.a.j.t.JMeterThread: Thread is done: Predict API  1-180
2024-11-27 07:17:40,438 INFO o.a.j.t.JMeterThread: Thread finished: Predict API  1-180
2024-11-27 07:17:40,440 INFO o.a.j.t.JMeterThread: Thread is done: Predict API  1-198
2024-11-27 07:17:40,440 INFO o.a.j.t.JMeterThread: Thread finished: Predict API  1-198
2024-11-27 07:17:40,442 INFO o.a.j.t.JMeterThread: Thread is done: Predict API  1-189
2024-11-27 07:17:40,442 INFO o.a.j.t.JMeterThread: Thread finished: Predict API  1-189
2024-11-27 07:17:40,443 INFO o.a.j.t.JMeterThread: Thread is done: Predict API  1-164
2024-11-27 07:17:40,443 INFO o.a.j.t.JMeterThread: Thread finished: Predict API  1-164
2024-11-27 07:17:40,447 INFO o.a.j.t.JMeterThread: Thread is done: Predict API  1-196
2024-11-27 07:17:40,447 INFO o.a.j.t.JMeterThread: Thread finished: Predict API  1-196
2024-11-27 07:17:40,472 INFO o.a.j.t.JMeterThread: Thread is done: Predict API  1-142
2024-11-27 07:17:40,472 INFO o.a.j.t.JMeterThread: Thread finished: Predict API  1-142
2024-11-27 07:17:40,473 INFO o.a.j.t.JMeterThread: Thread is done: Predict API  1-165
2024-11-27 07:17:40,473 INFO o.a.j.t.JMeterThread: Thread finished: Predict API  1-165
2024-11-27 07:17:40,524 INFO o.a.j.t.JMeterThread: Thread is done: Predict API  1-160
2024-11-27 07:17:40,524 INFO o.a.j.t.JMeterThread: Thread is done: Predict API  1-181
2024-11-27 07:17:40,524 INFO o.a.j.t.JMeterThread: Thread finished: Predict API  1-160
2024-11-27 07:17:40,524 INFO o.a.j.t.JMeterThread: Thread finished: Predict API  1-181
2024-11-27 07:17:40,525 INFO o.a.j.t.JMeterThread: Thread is done: Predict API  1-133
2024-11-27 07:17:40,525 INFO o.a.j.t.JMeterThread: Thread finished: Predict API  1-133
2024-11-27 07:17:40,526 INFO o.a.j.t.JMeterThread: Thread is done: Predict API  1-173
2024-11-27 07:17:40,526 INFO o.a.j.t.JMeterThread: Thread finished: Predict API  1-173
2024-11-27 07:17:40,526 INFO o.a.j.t.JMeterThread: Thread is done: Predict API  1-168
2024-11-27 07:17:40,526 INFO o.a.j.t.JMeterThread: Thread finished: Predict API  1-168
2024-11-27 07:17:40,527 INFO o.a.j.t.JMeterThread: Thread is done: Predict API  1-176
2024-11-27 07:17:40,527 INFO o.a.j.t.JMeterThread: Thread finished: Predict API  1-176
2024-11-27 07:17:40,527 INFO o.a.j.t.JMeterThread: Thread is done: Predict API  1-188
2024-11-27 07:17:40,527 INFO o.a.j.t.JMeterThread: Thread finished: Predict API  1-188
2024-11-27 07:17:40,527 INFO o.a.j.t.JMeterThread: Thread is done: Predict API  1-127
2024-11-27 07:17:40,527 INFO o.a.j.t.JMeterThread: Thread finished: Predict API  1-127
2024-11-27 07:17:40,529 INFO o.a.j.t.JMeterThread: Thread is done: Predict API  1-197
2024-11-27 07:17:40,530 INFO o.a.j.t.JMeterThread: Thread finished: Predict API  1-197
2024-11-27 07:17:40,530 INFO o.a.j.t.JMeterThread: Thread is done: Predict API  1-167
2024-11-27 07:17:40,530 INFO o.a.j.t.JMeterThread: Thread finished: Predict API  1-167
2024-11-27 07:17:40,531 INFO o.a.j.t.JMeterThread: Thread is done: Predict API  1-177
2024-11-27 07:17:40,531 INFO o.a.j.t.JMeterThread: Thread finished: Predict API  1-177
2024-11-27 07:17:40,531 INFO o.a.j.t.JMeterThread: Thread is done: Predict API  1-141
2024-11-27 07:17:40,531 INFO o.a.j.t.JMeterThread: Thread finished: Predict API  1-141
2024-11-27 07:17:40,536 INFO o.a.j.t.JMeterThread: Thread is done: Predict API  1-169
2024-11-27 07:17:40,536 INFO o.a.j.t.JMeterThread: Thread finished: Predict API  1-169
2024-11-27 07:17:40,570 INFO o.a.j.t.JMeterThread: Thread is done: Predict API  1-182
2024-11-27 07:17:40,570 INFO o.a.j.t.JMeterThread: Thread finished: Predict API  1-182
2024-11-27 07:17:40,585 INFO o.a.j.t.JMeterThread: Thread is done: Predict API  1-153
2024-11-27 07:17:40,585 INFO o.a.j.t.JMeterThread: Thread finished: Predict API  1-153
2024-11-27 07:17:40,625 INFO o.a.j.t.JMeterThread: Thread is done: Predict API  1-65
2024-11-27 07:17:40,625 INFO o.a.j.t.JMeterThread: Thread finished: Predict API  1-65
2024-11-27 07:17:40,628 INFO o.a.j.t.JMeterThread: Thread is done: Predict API  1-187
2024-11-27 07:17:40,628 INFO o.a.j.t.JMeterThread: Thread finished: Predict API  1-187
2024-11-27 07:17:40,631 INFO o.a.j.t.JMeterThread: Thread is done: Predict API  1-183
2024-11-27 07:17:40,631 INFO o.a.j.t.JMeterThread: Thread finished: Predict API  1-183
2024-11-27 07:17:40,633 INFO o.a.j.t.JMeterThread: Thread is done: Predict API  1-200
2024-11-27 07:17:40,633 INFO o.a.j.t.JMeterThread: Thread finished: Predict API  1-200
2024-11-27 07:17:40,637 INFO o.a.j.t.JMeterThread: Thread is done: Predict API  1-194
2024-11-27 07:17:40,637 INFO o.a.j.t.JMeterThread: Thread finished: Predict API  1-194
2024-11-27 07:17:40,637 INFO o.a.j.t.JMeterThread: Thread is done: Predict API  1-175
2024-11-27 07:17:40,637 INFO o.a.j.t.JMeterThread: Thread finished: Predict API  1-175
2024-11-27 07:17:40,640 INFO o.a.j.t.JMeterThread: Thread is done: Predict API  1-195
2024-11-27 07:17:40,641 INFO o.a.j.t.JMeterThread: Thread finished: Predict API  1-195
2024-11-27 07:17:40,641 INFO o.a.j.t.JMeterThread: Thread is done: Predict API  1-186
2024-11-27 07:17:40,641 INFO o.a.j.t.JMeterThread: Thread finished: Predict API  1-186
2024-11-27 07:17:40,642 INFO o.a.j.t.JMeterThread: Thread is done: Predict API  1-178
2024-11-27 07:17:40,642 INFO o.a.j.t.JMeterThread: Thread finished: Predict API  1-178
2024-11-27 07:17:40,648 INFO o.a.j.t.JMeterThread: Thread is done: Predict API  1-185
2024-11-27 07:17:40,648 INFO o.a.j.t.JMeterThread: Thread finished: Predict API  1-185
2024-11-27 07:17:40,651 INFO o.a.j.t.JMeterThread: Thread is done: Predict API  1-193
2024-11-27 07:17:40,651 INFO o.a.j.t.JMeterThread: Thread finished: Predict API  1-193
2024-11-27 07:17:40,653 INFO o.a.j.t.JMeterThread: Thread is done: Predict API  1-199
2024-11-27 07:17:40,653 INFO o.a.j.t.JMeterThread: Thread finished: Predict API  1-199
2024-11-27 07:17:40,665 INFO o.a.j.t.JMeterThread: Thread is done: Predict API  1-184
2024-11-27 07:17:40,665 INFO o.a.j.t.JMeterThread: Thread finished: Predict API  1-184
2024-11-27 07:17:40,739 INFO o.a.j.t.JMeterThread: Thread is done: Predict API  1-149
2024-11-27 07:17:40,739 INFO o.a.j.t.JMeterThread: Thread finished: Predict API  1-149
2024-11-27 07:17:40,746 INFO o.a.j.t.JMeterThread: Thread is done: Predict API  1-171
2024-11-27 07:17:40,746 INFO o.a.j.t.JMeterThread: Thread finished: Predict API  1-171
2024-11-27 07:17:40,764 INFO o.a.j.t.JMeterThread: Thread is done: Predict API  1-190
2024-11-27 07:17:40,764 INFO o.a.j.t.JMeterThread: Thread finished: Predict API  1-190
2024-11-27 07:17:40,785 INFO o.a.j.t.JMeterThread: Thread is done: Predict API  1-121
2024-11-27 07:17:40,785 INFO o.a.j.t.JMeterThread: Thread finished: Predict API  1-121
2024-11-27 07:17:40,785 INFO o.a.j.e.StandardJMeterEngine: Notifying test listeners of end of test
2024-11-27 07:17:40,785 INFO o.a.j.s.FileServer: Close: /jmeter/output/keywords.txt
2024-11-27 07:17:40,786 INFO o.a.j.r.Summariser: summary =   1000 in 00:00:05 =  202.2/s Avg:   421 Min:    16 Max:  3313 Err:     0 (0.00%)
